Flow report for lab9
Fri Nov 06 16:57:14 2020
Quartus Prime Version 18.1.0 Build 625 09/12/2018 SJ Lite Edition


---------------------
; Table of Contents ;
---------------------
  1. Legal Notice
  2. Flow Summary
  3. Flow Settings
  4. Flow Non-Default Global Settings
  5. Flow Elapsed Time
  6. Flow OS Summary
  7. Flow Log
  8. Flow Messages
  9. Flow Suppressed Messages



----------------
; Legal Notice ;
----------------
Copyright (C) 2018  Intel Corporation. All rights reserved.
Your use of Intel Corporation's design tools, logic functions 
and other software and tools, and its AMPP partner logic 
functions, and any output files from any of the foregoing 
(including device programming or simulation files), and any 
associated documentation or information are expressly subject 
to the terms and conditions of the Intel Program License 
Subscription Agreement, the Intel Quartus Prime License Agreement,
the Intel FPGA IP License Agreement, or other applicable license
agreement, including, without limitation, that your use is for
the sole purpose of programming logic devices manufactured by
Intel and sold by Intel or its authorized distributors.  Please
refer to the applicable agreement for further details.



+----------------------------------------------------------------------------------+
; Flow Summary                                                                     ;
+------------------------------------+---------------------------------------------+
; Flow Status                        ; Successful - Fri Nov 06 16:57:14 2020       ;
; Quartus Prime Version              ; 18.1.0 Build 625 09/12/2018 SJ Lite Edition ;
; Revision Name                      ; lab9                                        ;
; Top-level Entity Name              ; lab9                                        ;
; Family                             ; MAX 10                                      ;
; Device                             ; 10M50DAF484C7G                              ;
; Timing Models                      ; Final                                       ;
; Total logic elements               ; 18,384 / 49,760 ( 37 % )                    ;
;     Total combinational functions  ; 17,716 / 49,760 ( 36 % )                    ;
;     Dedicated logic registers      ; 3,328 / 49,760 ( 7 % )                      ;
; Total registers                    ; 3397                                        ;
; Total pins                         ; 92 / 360 ( 26 % )                           ;
; Total virtual pins                 ; 0                                           ;
; Total memory bits                  ; 11,264 / 1,677,312 ( < 1 % )                ;
; Embedded Multiplier 9-bit elements ; 0 / 288 ( 0 % )                             ;
; Total PLLs                         ; 1 / 4 ( 25 % )                              ;
; UFM blocks                         ; 0 / 1 ( 0 % )                               ;
; ADC blocks                         ; 0 / 2 ( 0 % )                               ;
+------------------------------------+---------------------------------------------+


+-----------------------------------------+
; Flow Settings                           ;
+-------------------+---------------------+
; Option            ; Setting             ;
+-------------------+---------------------+
; Start date & time ; 11/06/2020 16:51:43 ;
; Main task         ; Compilation         ;
; Revision Name     ; lab9                ;
+-------------------+---------------------+


+--------------------------------------------------------------------------------------------------------------------------------------------------+
; Flow Non-Default Global Settings                                                                                                                 ;
+--------------------------------------+------------------------------------------------------------+---------------+-------------+----------------+
; Assignment Name                      ; Value                                                      ; Default Value ; Entity Name ; Section Id     ;
+--------------------------------------+------------------------------------------------------------+---------------+-------------+----------------+
; COMPILER_SIGNATURE_ID                ; 168202110503018.160470310234736                            ; --            ; --          ; --             ;
; EDA_DESIGN_INSTANCE_NAME             ; NA                                                         ; --            ; --          ; testbench      ;
; EDA_NATIVELINK_SIMULATION_TEST_BENCH ; testbench                                                  ; --            ; --          ; eda_simulation ;
; EDA_OUTPUT_DATA_FORMAT               ; Systemverilog Hdl                                          ; --            ; --          ; eda_simulation ;
; EDA_SIMULATION_TOOL                  ; ModelSim-Altera (SystemVerilog)                            ; <None>        ; --          ; --             ;
; EDA_TEST_BENCH_ENABLE_STATUS         ; TEST_BENCH_MODE                                            ; --            ; --          ; eda_simulation ;
; EDA_TEST_BENCH_FILE                  ; testbench.sv                                               ; --            ; --          ; testbench      ;
; EDA_TEST_BENCH_MODULE_NAME           ; testbench                                                  ; --            ; --          ; testbench      ;
; EDA_TEST_BENCH_NAME                  ; testbench                                                  ; --            ; --          ; eda_simulation ;
; EDA_TEST_BENCH_RUN_SIM_FOR           ; 100000 ns                                                  ; --            ; --          ; testbench      ;
; EDA_TIME_SCALE                       ; 1 ps                                                       ; --            ; --          ; eda_simulation ;
; MAX_CORE_JUNCTION_TEMP               ; 85                                                         ; --            ; --          ; --             ;
; MIN_CORE_JUNCTION_TEMP               ; 0                                                          ; --            ; --          ; --             ;
; MISC_FILE                            ; lab9_soc/synthesis/../lab9_soc.cmp                         ; --            ; --          ; --             ;
; MISC_FILE                            ; lab9_soc/synthesis/../../lab9_soc.qsys                     ; --            ; --          ; --             ;
; PARTITION_COLOR                      ; -- (Not supported for targeted family)                     ; --            ; --          ; Top            ;
; PARTITION_FITTER_PRESERVATION_LEVEL  ; -- (Not supported for targeted family)                     ; --            ; --          ; Top            ;
; PARTITION_NETLIST_TYPE               ; -- (Not supported for targeted family)                     ; --            ; --          ; Top            ;
; POWER_BOARD_THERMAL_MODEL            ; None (CONSERVATIVE)                                        ; --            ; --          ; --             ;
; POWER_PRESET_COOLING_SOLUTION        ; 23 MM HEAT SINK WITH 200 LFPM AIRFLOW                      ; --            ; --          ; --             ;
; PROJECT_OUTPUT_DIRECTORY             ; output_files                                               ; --            ; --          ; --             ;
; SLD_FILE                             ; lab9_soc/synthesis/lab9_soc.regmap                         ; --            ; --          ; --             ;
; SLD_FILE                             ; lab9_soc/synthesis/lab9_soc.debuginfo                      ; --            ; --          ; --             ;
; SLD_INFO                             ; QSYS_NAME lab9_soc HAS_SOPCINFO 1 GENERATION_ID 1604701603 ; --            ; lab9_soc    ; --             ;
; SOPCINFO_FILE                        ; lab9_soc/synthesis/../../lab9_soc.sopcinfo                 ; --            ; --          ; --             ;
; SYNTHESIS_ONLY_QIP                   ; On                                                         ; --            ; --          ; --             ;
+--------------------------------------+------------------------------------------------------------+---------------+-------------+----------------+


+--------------------------------------------------------------------------------------------------------------------------+
; Flow Elapsed Time                                                                                                        ;
+----------------------+--------------+-------------------------+---------------------+------------------------------------+
; Module Name          ; Elapsed Time ; Average Processors Used ; Peak Virtual Memory ; Total CPU Time (on all processors) ;
+----------------------+--------------+-------------------------+---------------------+------------------------------------+
; Analysis & Synthesis ; 00:03:09     ; 1.0                     ; 4981 MB             ; 00:03:31                           ;
; Fitter               ; 00:01:43     ; 1.6                     ; 6044 MB             ; 00:03:56                           ;
; Assembler            ; 00:00:05     ; 1.0                     ; 4737 MB             ; 00:00:05                           ;
; Timing Analyzer      ; 00:00:14     ; 2.8                     ; 5074 MB             ; 00:00:37                           ;
; EDA Netlist Writer   ; 00:00:07     ; 1.0                     ; 4886 MB             ; 00:00:07                           ;
; Total                ; 00:05:18     ; --                      ; --                  ; 00:08:16                           ;
+----------------------+--------------+-------------------------+---------------------+------------------------------------+


+------------------------------------------------------------------------------------+
; Flow OS Summary                                                                    ;
+----------------------+------------------+------------+------------+----------------+
; Module Name          ; Machine Hostname ; OS Name    ; OS Version ; Processor type ;
+----------------------+------------------+------------+------------+----------------+
; Analysis & Synthesis ; LAPTOP-0BRFJCTS  ; Windows 10 ; 10.0       ; x86_64         ;
; Fitter               ; LAPTOP-0BRFJCTS  ; Windows 10 ; 10.0       ; x86_64         ;
; Assembler            ; LAPTOP-0BRFJCTS  ; Windows 10 ; 10.0       ; x86_64         ;
; Timing Analyzer      ; LAPTOP-0BRFJCTS  ; Windows 10 ; 10.0       ; x86_64         ;
; EDA Netlist Writer   ; LAPTOP-0BRFJCTS  ; Windows 10 ; 10.0       ; x86_64         ;
+----------------------+------------------+------------+------------+----------------+


------------
; Flow Log ;
------------
quartus_map --read_settings_files=on --write_settings_files=off lab9 -c lab9
quartus_fit --read_settings_files=off --write_settings_files=off lab9 -c lab9
quartus_asm --read_settings_files=off --write_settings_files=off lab9 -c lab9
quartus_sta lab9 -c lab9
quartus_eda --read_settings_files=off --write_settings_files=off lab9 -c lab9



